<?xml version="1.0" encoding="UTF-8"?>
<testng-results ignored="0" total="4" passed="3" failed="1" skipped="0">
  <reporter-output>
  </reporter-output>
  <suite started-at="2025-02-10T04:08:33 GMT" name="Default suite" finished-at="2025-02-10T04:08:49 GMT" duration-ms="16242">
    <groups>
      <group name="cucumber">
        <method signature="AbstractTestNGCucumberTests.runScenario(io.cucumber.testng.PickleWrapper,io.cucumber.testng.FeatureWrapper)[pri:0, instance:com.techademy.maven.testng.techademy_assignment.runner.CucumberRunnerTest@4e3958e7]" name="runScenario" class="io.cucumber.testng.AbstractTestNGCucumberTests"/>
      </group> <!-- cucumber -->
    </groups>
    <test started-at="2025-02-10T04:08:33 GMT" name="Default test" finished-at="2025-02-10T04:08:49 GMT" duration-ms="16242">
      <class name="com.techademy.maven.testng.techademy_assignment.runner.CucumberRunnerTest">
        <test-method is-config="true" signature="setUpClass(org.testng.ITestContext)[pri:0, instance:com.techademy.maven.testng.techademy_assignment.runner.CucumberRunnerTest@4e3958e7]" started-at="2025-02-10T04:08:33 GMT" name="setUpClass" finished-at="2025-02-10T04:08:34 GMT" duration-ms="299" status="PASS">
          <params>
            <param index="0">
              <value>
                <![CDATA[org.testng.TestRunner@7ceb4478]]>
              </value>
            </param>
          </params>
          <reporter-output>
          </reporter-output>
        </test-method> <!-- setUpClass -->
        <test-method signature="runScenario(io.cucumber.testng.PickleWrapper,io.cucumber.testng.FeatureWrapper)[pri:0, instance:com.techademy.maven.testng.techademy_assignment.runner.CucumberRunnerTest@4e3958e7]" started-at="2025-02-10T04:08:34 GMT" name="runScenario" description="Runs Cucumber Scenarios" data-provider="scenarios" finished-at="2025-02-10T04:08:37 GMT" duration-ms="3865" status="PASS">
          <params>
            <param index="0">
              <value>
                <![CDATA["Validate title of the page"]]>
              </value>
            </param>
            <param index="1">
              <value>
                <![CDATA["Login to the given website"]]>
              </value>
            </param>
          </params>
          <reporter-output>
          </reporter-output>
        </test-method> <!-- runScenario -->
        <test-method signature="runScenario(io.cucumber.testng.PickleWrapper,io.cucumber.testng.FeatureWrapper)[pri:0, instance:com.techademy.maven.testng.techademy_assignment.runner.CucumberRunnerTest@4e3958e7]" started-at="2025-02-10T04:08:37 GMT" name="runScenario" description="Runs Cucumber Scenarios" data-provider="scenarios" finished-at="2025-02-10T04:08:40 GMT" duration-ms="2972" status="FAIL">
          <params>
            <param index="0">
              <value>
                <![CDATA["Validate A/B Testing Link works fine"]]>
              </value>
            </param>
            <param index="1">
              <value>
                <![CDATA["Login to the given website"]]>
              </value>
            </param>
          </params>
          <exception class="java.lang.AssertionError">
            <message>
              <![CDATA[expected [true] but found [false]]]>
            </message>
            <full-stacktrace>
              <![CDATA[java.lang.AssertionError: expected [true] but found [false]
at org.testng.Assert.fail(Assert.java:111)
at org.testng.Assert.failNotEquals(Assert.java:1578)
at org.testng.Assert.assertTrue(Assert.java:57)
at org.testng.Assert.assertTrue(Assert.java:67)
at com.techademy.maven.testng.techademy_assignment.definitions.PageDefinitions.ABTestPage(PageDefinitions.java:52)
at âœ½.Verify the presence of "A/B Test Variation 1" in the page(file:///C:/techademy/Selenium/techademy_selenium/techademy_assignment/src/test/resources/features/CapstoneAssignment.feature:14)
]]>
            </full-stacktrace>
          </exception> <!-- java.lang.AssertionError -->
          <reporter-output>
          </reporter-output>
        </test-method> <!-- runScenario -->
        <test-method signature="runScenario(io.cucumber.testng.PickleWrapper,io.cucumber.testng.FeatureWrapper)[pri:0, instance:com.techademy.maven.testng.techademy_assignment.runner.CucumberRunnerTest@4e3958e7]" started-at="2025-02-10T04:08:40 GMT" name="runScenario" description="Runs Cucumber Scenarios" data-provider="scenarios" finished-at="2025-02-10T04:08:46 GMT" duration-ms="5799" status="PASS">
          <params>
            <param index="0">
              <value>
                <![CDATA["Validate Dropdown works fine"]]>
              </value>
            </param>
            <param index="1">
              <value>
                <![CDATA["Login to the given website"]]>
              </value>
            </param>
          </params>
          <reporter-output>
          </reporter-output>
        </test-method> <!-- runScenario -->
        <test-method signature="runScenario(io.cucumber.testng.PickleWrapper,io.cucumber.testng.FeatureWrapper)[pri:0, instance:com.techademy.maven.testng.techademy_assignment.runner.CucumberRunnerTest@4e3958e7]" started-at="2025-02-10T04:08:46 GMT" name="runScenario" description="Runs Cucumber Scenarios" data-provider="scenarios" finished-at="2025-02-10T04:08:49 GMT" duration-ms="3232" status="PASS">
          <params>
            <param index="0">
              <value>
                <![CDATA["Validate Frames works fine"]]>
              </value>
            </param>
            <param index="1">
              <value>
                <![CDATA["Login to the given website"]]>
              </value>
            </param>
          </params>
          <reporter-output>
          </reporter-output>
        </test-method> <!-- runScenario -->
        <test-method is-config="true" signature="tearDownClass()[pri:0, instance:com.techademy.maven.testng.techademy_assignment.runner.CucumberRunnerTest@4e3958e7]" started-at="2025-02-10T04:08:49 GMT" name="tearDownClass" finished-at="2025-02-10T04:08:49 GMT" duration-ms="4" status="PASS">
          <reporter-output>
          </reporter-output>
        </test-method> <!-- tearDownClass -->
      </class> <!-- com.techademy.maven.testng.techademy_assignment.runner.CucumberRunnerTest -->
    </test> <!-- Default test -->
  </suite> <!-- Default suite -->
</testng-results>
